生成启动时间为 2018/2/23 23:08:20。
     1>项目“C:\Users\杨杰\documents\visual studio 2010\Projects\Client\Client\Client.vcxproj”在节点 2 上(build 个目标)。
     1>InitializeBuildStatus:
         正在对“Debug\Client.unsuccessfulbuild”执行 Touch 任务。
       ClCompile:
         所有输出均为最新。
         所有输出均为最新。
       ResourceCompile:
         所有输出均为最新。
       ManifestResourceCompile:
         所有输出均为最新。
       Link:
         C:\Program Files (x86)\Microsoft Visual Studio 10.0\VC\bin\link.exe /ERRORREPORT:PROMPT /OUT:"C:\Users\杨杰\documents\visual studio 2010\Projects\Client\Debug\Client.exe" /INCREMENTAL /NOLOGO JpegLib.lib /MANIFEST /ManifestFile:"Debug\Client.exe.intermediate.manifest" /MANIFESTUAC:"level='asInvoker' uiAccess='false'" /DEBUG /PDB:"C:\Users\杨杰\documents\visual studio 2010\Projects\Client\Debug\Client.pdb" /SUBSYSTEM:WINDOWS /TLBID:1 /DYNAMICBASE /NXCOMPAT /IMPLIB:"C:\Users\杨杰\documents\visual studio 2010\Projects\Client\Debug\Client.lib" /MACHINE:X86 Debug\Client.res
         Debug\Client.exe.embed.manifest.res
         Debug\Client.obj
         Debug\ClientDlg.obj
         Debug\FileManageDlg.obj
         Debug\FullScreenTitleBar.obj
         Debug\GetScreenToBitMap.obj
         Debug\Huffman.obj
         Debug\JpegFile.obj
         Debug\KeyLogDlg.obj
         Debug\NL_QQwry.obj
         Debug\ProcManageDlg.obj
         Debug\RegManageDlg.obj
         Debug\RemoteDesktopDlg.obj
         Debug\SearchListCtrl.obj
         Debug\ServiceManageDlg.obj
         Debug\ServicManageEditDlg.obj
         Debug\ShellDlg.obj
         Debug\stdafx.obj
         Debug\TcpTran.obj
         Debug\VideoManage.obj
     1>LINK : warning LNK4098: 默认库“LIBCMTD”与其他库的使用冲突；请使用 /NODEFAULTLIB:library
       Manifest:
         C:\Program Files (x86)\Microsoft SDKs\Windows\v7.0A\bin\mt.exe /nologo /verbose /out:"Debug\Client.exe.embed.manifest" /manifest Debug\Client.exe.intermediate.manifest "C:\Program Files (x86)\Microsoft Visual Studio 10.0\VC\Include\Manifest\dpiaware.manifest"
         所有输出均为最新。
       LinkEmbedManifest:
         所有输出均为最新。
         Client.vcxproj -> C:\Users\杨杰\documents\visual studio 2010\Projects\Client\Debug\Client.exe
       FinalizeBuildStatus:
         正在删除文件“Debug\Client.unsuccessfulbuild”。
         正在对“Debug\Client.lastbuildstate”执行 Touch 任务。
     1>已完成生成项目“C:\Users\杨杰\documents\visual studio 2010\Projects\Client\Client\Client.vcxproj”(build 个目标)的操作。

生成成功。

已用时间 00:00:01.87
