生成启动时间为 2018/3/7 18:38:09。
     1>项目“E:\寒假工作\远控\Client\Client\Client.vcxproj”在节点 2 上(build 个目标)。
     1>InitializeBuildStatus:
         正在创建“Release\Client.unsuccessfulbuild”，因为已指定“AlwaysCreate”。
       ClCompile:
         C:\Program Files (x86)\Microsoft Visual Studio 10.0\VC\bin\CL.exe /c /Zi /nologo /W3 /WX- /O2 /Oi /Oy- /GL /D WIN32 /D _WINDOWS /D NDEBUG /D _MBCS /D _AFXDLL /Gm- /EHsc /MD /GS /Gy /fp:precise /Zc:wchar_t /Zc:forScope /Yc"StdAfx.h" /Fp"Release\Client.pch" /Fo"Release\\" /Fd"Release\vc100.pdb" /Gd /TP /analyze- /errorReport:prompt stdafx.cpp
         stdafx.cpp
         C:\Program Files (x86)\Microsoft Visual Studio 10.0\VC\bin\CL.exe /c /Zi /nologo /W3 /WX- /O2 /Oi /Oy- /GL /D WIN32 /D _WINDOWS /D NDEBUG /D _MBCS /D _AFXDLL /Gm- /EHsc /MD /GS /Gy /fp:precise /Zc:wchar_t /Zc:forScope /Yu"StdAfx.h" /Fp"Release\Client.pch" /Fo"Release\\" /Fd"Release\vc100.pdb" /Gd /TP /analyze- /errorReport:prompt Client.cpp ClientDlg.cpp FileManageDlg.cpp FullScreenTitleBar.cpp GetScreenToBitMap.cpp Huffman.cpp JpegFile.cpp KeyLogDlg.cpp NL_QQwry.cpp ProcManageDlg.cpp RegManageDlg.cpp RemoteDesktopDlg.cpp SearchListCtrl.cpp ServiceManageDlg.cpp ServicManageEditDlg.cpp ShellDlg.cpp TcpTran.cpp VideoManage.cpp
         Client.cpp
         ClientDlg.cpp
     1>ClientDlg.cpp(269): warning C4018: “<”: 有符号/无符号不匹配
     1>ClientDlg.cpp(271): warning C4996: 'stricmp': The POSIX name for this item is deprecated. Instead, use the ISO C++ conformant name: _stricmp. See online help for details.
                 C:\Program Files (x86)\Microsoft Visual Studio 10.0\VC\include\string.h(246) : 参见“stricmp”的声明
     1>ClientDlg.cpp(279): warning C4996: 'stricmp': The POSIX name for this item is deprecated. Instead, use the ISO C++ conformant name: _stricmp. See online help for details.
                 C:\Program Files (x86)\Microsoft Visual Studio 10.0\VC\include\string.h(246) : 参见“stricmp”的声明
     1>ClientDlg.cpp(410): warning C4996: 'strcpy': This function or variable may be unsafe. Consider using strcpy_s instead. To disable deprecation, use _CRT_SECURE_NO_WARNINGS. See online help for details.
                 C:\Program Files (x86)\Microsoft Visual Studio 10.0\VC\include\string.h(105) : 参见“strcpy”的声明
     1>ClientDlg.cpp(468): warning C4018: “<”: 有符号/无符号不匹配
     1>ClientDlg.cpp(616): warning C4018: “<”: 有符号/无符号不匹配
     1>ClientDlg.cpp(618): warning C4996: 'stricmp': The POSIX name for this item is deprecated. Instead, use the ISO C++ conformant name: _stricmp. See online help for details.
                 C:\Program Files (x86)\Microsoft Visual Studio 10.0\VC\include\string.h(246) : 参见“stricmp”的声明
         FileManageDlg.cpp
     1>FileManageDlg.cpp(34): warning C4996: 'strcpy': This function or variable may be unsafe. Consider using strcpy_s instead. To disable deprecation, use _CRT_SECURE_NO_WARNINGS. See online help for details.
                 C:\Program Files (x86)\Microsoft Visual Studio 10.0\VC\include\string.h(105) : 参见“strcpy”的声明
     1>FileManageDlg.cpp(239): warning C4996: 'strcpy': This function or variable may be unsafe. Consider using strcpy_s instead. To disable deprecation, use _CRT_SECURE_NO_WARNINGS. See online help for details.
                 C:\Program Files (x86)\Microsoft Visual Studio 10.0\VC\include\string.h(105) : 参见“strcpy”的声明
     1>FileManageDlg.cpp(243): warning C4996: 'strcat': This function or variable may be unsafe. Consider using strcat_s instead. To disable deprecation, use _CRT_SECURE_NO_WARNINGS. See online help for details.
                 C:\Program Files (x86)\Microsoft Visual Studio 10.0\VC\include\string.h(110) : 参见“strcat”的声明
     1>FileManageDlg.cpp(248): warning C4996: 'strcpy': This function or variable may be unsafe. Consider using strcpy_s instead. To disable deprecation, use _CRT_SECURE_NO_WARNINGS. See online help for details.
                 C:\Program Files (x86)\Microsoft Visual Studio 10.0\VC\include\string.h(105) : 参见“strcpy”的声明
     1>FileManageDlg.cpp(302): warning C4996: 'strcpy': This function or variable may be unsafe. Consider using strcpy_s instead. To disable deprecation, use _CRT_SECURE_NO_WARNINGS. See online help for details.
                 C:\Program Files (x86)\Microsoft Visual Studio 10.0\VC\include\string.h(105) : 参见“strcpy”的声明
     1>FileManageDlg.cpp(303): warning C4996: 'strcat': This function or variable may be unsafe. Consider using strcat_s instead. To disable deprecation, use _CRT_SECURE_NO_WARNINGS. See online help for details.
                 C:\Program Files (x86)\Microsoft Visual Studio 10.0\VC\include\string.h(110) : 参见“strcat”的声明
     1>FileManageDlg.cpp(304): warning C4996: 'strcat': This function or variable may be unsafe. Consider using strcat_s instead. To disable deprecation, use _CRT_SECURE_NO_WARNINGS. See online help for details.
                 C:\Program Files (x86)\Microsoft Visual Studio 10.0\VC\include\string.h(110) : 参见“strcat”的声明
     1>FileManageDlg.cpp(305): warning C4996: 'strcpy': This function or variable may be unsafe. Consider using strcpy_s instead. To disable deprecation, use _CRT_SECURE_NO_WARNINGS. See online help for details.
                 C:\Program Files (x86)\Microsoft Visual Studio 10.0\VC\include\string.h(105) : 参见“strcpy”的声明
     1>FileManageDlg.cpp(308): warning C4996: 'strcat': This function or variable may be unsafe. Consider using strcat_s instead. To disable deprecation, use _CRT_SECURE_NO_WARNINGS. See online help for details.
                 C:\Program Files (x86)\Microsoft Visual Studio 10.0\VC\include\string.h(110) : 参见“strcat”的声明
     1>FileManageDlg.cpp(309): warning C4996: 'strcpy': This function or variable may be unsafe. Consider using strcpy_s instead. To disable deprecation, use _CRT_SECURE_NO_WARNINGS. See online help for details.
                 C:\Program Files (x86)\Microsoft Visual Studio 10.0\VC\include\string.h(105) : 参见“strcpy”的声明
     1>FileManageDlg.cpp(353): warning C4996: 'strncpy': This function or variable may be unsafe. Consider using strncpy_s instead. To disable deprecation, use _CRT_SECURE_NO_WARNINGS. See online help for details.
                 C:\Program Files (x86)\Microsoft Visual Studio 10.0\VC\include\string.h(188) : 参见“strncpy”的声明
         FullScreenTitleBar.cpp
         GetScreenToBitMap.cpp
         Huffman.cpp
         JpegFile.cpp
     1>JpegFile.cpp(315): warning C4996: 'fopen': This function or variable may be unsafe. Consider using fopen_s instead. To disable deprecation, use _CRT_SECURE_NO_WARNINGS. See online help for details.
                 C:\Program Files (x86)\Microsoft Visual Studio 10.0\VC\include\stdio.h(234) : 参见“fopen”的声明
     1>JpegFile.cpp(316): warning C4996: 'sprintf': This function or variable may be unsafe. Consider using sprintf_s instead. To disable deprecation, use _CRT_SECURE_NO_WARNINGS. See online help for details.
                 C:\Program Files (x86)\Microsoft Visual Studio 10.0\VC\include\stdio.h(371) : 参见“sprintf”的声明
     1>JpegFile.cpp(1018): warning C4018: “<”: 有符号/无符号不匹配
     1>JpegFile.cpp(1084): warning C4018: “<”: 有符号/无符号不匹配
     1>JpegFile.cpp(1100): warning C4805: “==”: 在操作中将类型“BOOL”与类型“bool”混合不安全
     1>JpegFile.cpp(1119): warning C4805: “==”: 在操作中将类型“BOOL”与类型“bool”混合不安全
         KeyLogDlg.cpp
     1>KeyLogDlg.cpp(79): warning C4996: 'sprintf': This function or variable may be unsafe. Consider using sprintf_s instead. To disable deprecation, use _CRT_SECURE_NO_WARNINGS. See online help for details.
                 C:\Program Files (x86)\Microsoft Visual Studio 10.0\VC\include\stdio.h(371) : 参见“sprintf”的声明
     1>KeyLogDlg.cpp(83): warning C4996: 'strcat': This function or variable may be unsafe. Consider using strcat_s instead. To disable deprecation, use _CRT_SECURE_NO_WARNINGS. See online help for details.
                 C:\Program Files (x86)\Microsoft Visual Studio 10.0\VC\include\string.h(110) : 参见“strcat”的声明
     1>KeyLogDlg.cpp(84): warning C4996: 'strcat': This function or variable may be unsafe. Consider using strcat_s instead. To disable deprecation, use _CRT_SECURE_NO_WARNINGS. See online help for details.
                 C:\Program Files (x86)\Microsoft Visual Studio 10.0\VC\include\string.h(110) : 参见“strcat”的声明
     1>KeyLogDlg.cpp(189): warning C4996: 'sprintf': This function or variable may be unsafe. Consider using sprintf_s instead. To disable deprecation, use _CRT_SECURE_NO_WARNINGS. See online help for details.
                 C:\Program Files (x86)\Microsoft Visual Studio 10.0\VC\include\stdio.h(371) : 参见“sprintf”的声明
     1>KeyLogDlg.cpp(192): warning C4996: 'strcat': This function or variable may be unsafe. Consider using strcat_s instead. To disable deprecation, use _CRT_SECURE_NO_WARNINGS. See online help for details.
                 C:\Program Files (x86)\Microsoft Visual Studio 10.0\VC\include\string.h(110) : 参见“strcat”的声明
     1>KeyLogDlg.cpp(193): warning C4996: 'strcat': This function or variable may be unsafe. Consider using strcat_s instead. To disable deprecation, use _CRT_SECURE_NO_WARNINGS. See online help for details.
                 C:\Program Files (x86)\Microsoft Visual Studio 10.0\VC\include\string.h(110) : 参见“strcat”的声明
         NL_QQwry.cpp
     1>NL_QQwry.cpp(252): warning C4996: 'fopen': This function or variable may be unsafe. Consider using fopen_s instead. To disable deprecation, use _CRT_SECURE_NO_WARNINGS. See online help for details.
                 C:\Program Files (x86)\Microsoft Visual Studio 10.0\VC\include\stdio.h(234) : 参见“fopen”的声明
         ProcManageDlg.cpp
         RegManageDlg.cpp
         RemoteDesktopDlg.cpp
         SearchListCtrl.cpp
         ServiceManageDlg.cpp
     1>ServiceManageDlg.cpp(224): warning C4996: 'strcpy': This function or variable may be unsafe. Consider using strcpy_s instead. To disable deprecation, use _CRT_SECURE_NO_WARNINGS. See online help for details.
                 C:\Program Files (x86)\Microsoft Visual Studio 10.0\VC\include\string.h(105) : 参见“strcpy”的声明
         ServicManageEditDlg.cpp
         ShellDlg.cpp
     1>ShellDlg.cpp(35): warning C4996: 'strcpy': This function or variable may be unsafe. Consider using strcpy_s instead. To disable deprecation, use _CRT_SECURE_NO_WARNINGS. See online help for details.
                 C:\Program Files (x86)\Microsoft Visual Studio 10.0\VC\include\string.h(105) : 参见“strcpy”的声明
     1>ShellDlg.cpp(36): warning C4996: 'strcpy': This function or variable may be unsafe. Consider using strcpy_s instead. To disable deprecation, use _CRT_SECURE_NO_WARNINGS. See online help for details.
                 C:\Program Files (x86)\Microsoft Visual Studio 10.0\VC\include\string.h(105) : 参见“strcpy”的声明
         TcpTran.cpp
     1>TcpTran.cpp(134): warning C4018: “>”: 有符号/无符号不匹配
     1>TcpTran.cpp(220): warning C4018: “>”: 有符号/无符号不匹配
         VideoManage.cpp
       ResourceCompile:
         C:\Program Files (x86)\Microsoft SDKs\Windows\v7.0A\bin\rc.exe /D NDEBUG /D _AFXDLL /l"0x0804" /IRelease\ /nologo /fo"Release\Client.res" Client.rc 
       Link:
         C:\Program Files (x86)\Microsoft Visual Studio 10.0\VC\bin\link.exe /ERRORREPORT:PROMPT /OUT:"E:\寒假工作\远控\Client\Release\Client.exe" /INCREMENTAL:NO /NOLOGO JpegLib.lib /MANIFEST /ManifestFile:"Release\Client.exe.intermediate.manifest" /MANIFESTUAC:"level='asInvoker' uiAccess='false'" /DEBUG /PDB:"E:\寒假工作\远控\Client\Release\Client.pdb" /SUBSYSTEM:WINDOWS /OPT:REF /OPT:ICF /LTCG /TLBID:1 /DYNAMICBASE /NXCOMPAT /IMPLIB:"E:\寒假工作\远控\Client\Release\Client.lib" /MACHINE:X86 Release\Client.res
         Release\Client.obj
         Release\ClientDlg.obj
         Release\FileManageDlg.obj
         Release\FullScreenTitleBar.obj
         Release\GetScreenToBitMap.obj
         Release\Huffman.obj
         Release\JpegFile.obj
         Release\KeyLogDlg.obj
         Release\NL_QQwry.obj
         Release\ProcManageDlg.obj
         Release\RegManageDlg.obj
         Release\RemoteDesktopDlg.obj
         Release\SearchListCtrl.obj
         Release\ServiceManageDlg.obj
         Release\ServicManageEditDlg.obj
         Release\ShellDlg.obj
         Release\stdafx.obj
         Release\TcpTran.obj
         Release\VideoManage.obj
     1>LINK : warning LNK4098: 默认库“LIBCMTD”与其他库的使用冲突；请使用 /NODEFAULTLIB:library
         正在生成代码
         已完成代码的生成
         Client.vcxproj -> E:\寒假工作\远控\Client\Release\Client.exe
       Manifest:
         C:\Program Files (x86)\Microsoft SDKs\Windows\v7.0A\bin\mt.exe /nologo /verbose /outputresource:"E:\寒假工作\远控\Client\Release\Client.exe;#1" /manifest Release\Client.exe.intermediate.manifest "C:\Program Files (x86)\Microsoft Visual Studio 10.0\VC\Include\Manifest\dpiaware.manifest"
       FinalizeBuildStatus:
         正在删除文件“Release\Client.unsuccessfulbuild”。
         正在对“Release\Client.lastbuildstate”执行 Touch 任务。
     1>已完成生成项目“E:\寒假工作\远控\Client\Client\Client.vcxproj”(build 个目标)的操作。

生成成功。

已用时间 00:00:16.21
